0 info it worked if it ends with ok
1 verbose cli [ '/usr/local/bin/node', '/usr/local/bin/npm', 'publish' ]
2 info using npm@2.14.3
3 info using node@v4.0.0
4 verbose publish [ '.' ]
5 silly cache add args [ '.', null ]
6 verbose cache add spec .
7 silly cache add parsed spec Result {
7 silly cache add   raw: '.',
7 silly cache add   scope: null,
7 silly cache add   name: null,
7 silly cache add   rawSpec: '.',
7 silly cache add   spec: '/Users/rogerio/Workspace/Github/seed-css',
7 silly cache add   type: 'directory' }
8 verbose addLocalDirectory /Users/rogerio/.npm/seed-css/0.8.2/package.tgz not in flight; packing
9 verbose tar pack [ '/Users/rogerio/.npm/seed-css/0.8.2/package.tgz',
9 verbose tar pack   '/Users/rogerio/Workspace/Github/seed-css' ]
10 verbose tarball /Users/rogerio/.npm/seed-css/0.8.2/package.tgz
11 verbose folder /Users/rogerio/Workspace/Github/seed-css
12 info prepublish seed-css@0.8.2
13 verbose addLocalTarball adding from inside cache /Users/rogerio/.npm/seed-css/0.8.2/package.tgz
14 silly cache afterAdd seed-css@0.8.2
15 verbose afterAdd /Users/rogerio/.npm/seed-css/0.8.2/package/package.json not in flight; writing
16 verbose afterAdd /Users/rogerio/.npm/seed-css/0.8.2/package/package.json written
17 silly publish { name: 'seed-css',
17 silly publish   version: '0.8.2',
17 silly publish   description: 'A light-weight, mobile first and responsive CSS boilerplate.',
17 silly publish   main: 'dist/assets/seed.css',
17 silly publish   author: { name: 'Rogerio Taques', url: 'rogerio.taques@gmail.com' },
17 silly publish   license: 'MIT',
17 silly publish   devDependencies:
17 silly publish    { 'browser-sync': '^2.11.1',
17 silly publish      del: '^2.2.0',
17 silly publish      fs: '0.0.2',
17 silly publish      gulp: '^3.9.1',
17 silly publish      'gulp-concat': '^2.6.0',
17 silly publish      'gulp-cssbeautify': '^0.1.3',
17 silly publish      'gulp-header': '^1.8.8',
17 silly publish      'gulp-if': '^2.0.0',
17 silly publish      'gulp-jade': '^1.1.0',
17 silly publish      'gulp-minify-css': '^1.2.4',
17 silly publish      'gulp-replace': '^0.5.4',
17 silly publish      'gulp-sass': '^2.2.0',
17 silly publish      'gulp-uglify': '^1.5.3',
17 silly publish      'run-sequence': '^1.1.5' },
17 silly publish   readme: '# Seed CSS [![Latest Version](https://img.shields.io/github/release/rogeriotaques/seed-css.svg)](https://github.com/rogeriotaques/seed-css/releases)\n\n\nA light-weight, mobile first and responsive CSS boilerplate.\n\nFor a better and simpler way to start web sites and mobile web apps.\n\nCheck the [Live demo and docs](http://awin.com.br/seed-css) out.\n\n## Why another CSS boilerplate?\n\nThis project has started as a personal side project, but has promoted interest on\npeople around me and coworkers, so I decided to share it.\n\n## Browser Support\n\n* IE9+;\n* Chrome30+;\n* Firefox46+;\n* Safari9.1+;\n* Opera38+;\n\n### Mobile browsers\n\n* iOS Safari 9.2+;\n* Android Browser 50+;\n* Android Chrome 50+;\n',
17 silly publish   readmeFilename: 'README.md',
17 silly publish   gitHead: 'e2979ffeb67e26ca2d46eaa63cbbd34ad2f11382',
17 silly publish   _id: 'seed-css@0.8.2',
17 silly publish   scripts: {},
17 silly publish   _shasum: '380e27be7722c45dfea84018cc2d468b6cb1a49f',
17 silly publish   _from: '.' }
18 verbose getPublishConfig undefined
19 silly mapToRegistry name seed-css
20 silly mapToRegistry using default registry
21 silly mapToRegistry registry https://registry.npmjs.org/
22 silly mapToRegistry uri https://registry.npmjs.org/seed-css
23 verbose publish registryBase https://registry.npmjs.org/
24 silly publish uploading /Users/rogerio/.npm/seed-css/0.8.2/package.tgz
25 verbose request uri https://registry.npmjs.org/seed-css
26 verbose request sending authorization for write operation
27 info attempt registry request try #1 at 2:30:06 AM
28 verbose request using bearer token for auth
29 verbose request id b8a20858ac30d00f
30 http request PUT https://registry.npmjs.org/seed-css
31 http 403 https://registry.npmjs.org/seed-css
32 verbose headers { 'content-type': 'application/json',
32 verbose headers   'cache-control': 'max-age=300',
32 verbose headers   'content-length': '95',
32 verbose headers   'accept-ranges': 'bytes',
32 verbose headers   date: 'Tue, 01 Nov 2016 17:30:07 GMT',
32 verbose headers   via: '1.1 varnish',
32 verbose headers   connection: 'keep-alive',
32 verbose headers   'x-served-by': 'cache-nrt6131-NRT',
32 verbose headers   'x-cache': 'MISS',
32 verbose headers   'x-cache-hits': '0',
32 verbose headers   'x-timer': 'S1478021406.776726,VS0,VE735',
32 verbose headers   vary: 'Accept-Encoding' }
33 verbose request invalidating /Users/rogerio/.npm/registry.npmjs.org/seed-css on PUT
34 error publish Failed PUT 403
35 verbose stack Error: "You cannot publish over the previously published version 0.8.2." : seed-css
35 verbose stack     at makeError (/usr/local/lib/node_modules/npm/node_modules/npm-registry-client/lib/request.js:263:12)
35 verbose stack     at CachingRegistryClient.<anonymous> (/usr/local/lib/node_modules/npm/node_modules/npm-registry-client/lib/request.js:251:14)
35 verbose stack     at Request._callback (/usr/local/lib/node_modules/npm/node_modules/npm-registry-client/lib/request.js:171:14)
35 verbose stack     at Request.self.callback (/usr/local/lib/node_modules/npm/node_modules/request/request.js:198:22)
35 verbose stack     at emitTwo (events.js:87:13)
35 verbose stack     at Request.emit (events.js:172:7)
35 verbose stack     at Request.<anonymous> (/usr/local/lib/node_modules/npm/node_modules/request/request.js:1073:14)
35 verbose stack     at emitOne (events.js:82:20)
35 verbose stack     at Request.emit (events.js:169:7)
35 verbose stack     at IncomingMessage.<anonymous> (/usr/local/lib/node_modules/npm/node_modules/request/request.js:1019:12)
36 verbose statusCode 403
37 verbose pkgid seed-css
38 verbose cwd /Users/rogerio/Workspace/Github/seed-css
39 error Darwin 15.6.0
40 error argv "/usr/local/bin/node" "/usr/local/bin/npm" "publish"
41 error node v4.0.0
42 error npm  v2.14.3
43 error code E403
44 error "You cannot publish over the previously published version 0.8.2." : seed-css
45 error If you need help, you may report this error at:
45 error     <https://github.com/npm/npm/issues>
46 verbose exit [ 1, true ]
